#
# A fatal error has been detected by the Java Runtime Environment:
#
#  EXCEPTION_ACCESS_VIOLATION (0xc0000005) at pc=0x00007ffab2c72269, pid=4524, tid=11724
#
# JRE version: OpenJDK Runtime Environment (11.0.12+7) (build 11.0.12+7-b1504.28-7817840)
# Java VM: OpenJDK 64-Bit Server VM (11.0.12+7-b1504.28-7817840, mixed mode, tiered, compressed oops, g1 gc, windows-amd64)
# Problematic frame:
# V  [jvm.dll+0x2e2269]
#
# No core dump will be written. Minidumps are not enabled by default on client versions of Windows
#
# If you would like to submit a bug report, please visit:
#   https://bugreport.java.com/bugreport/crash.jsp
#

---------------  S U M M A R Y ------------

Command Line: --add-opens=java.base/java.util=ALL-UNNAMED --add-opens=java.base/java.lang=ALL-UNNAMED --add-opens=java.base/java.lang.invoke=ALL-UNNAMED --add-opens=java.base/java.util=ALL-UNNAMED --add-opens=java.prefs/java.util.prefs=ALL-UNNAMED --add-opens=java.prefs/java.util.prefs=ALL-UNNAMED --add-opens=java.base/java.nio.charset=ALL-UNNAMED --add-opens=java.base/java.net=ALL-UNNAMED --add-opens=java.base/java.util.concurrent.atomic=ALL-UNNAMED -Xmx2048m -Dfile.encoding=UTF-8 -Duser.country=IN -Duser.language=en -Duser.variant org.gradle.launcher.daemon.bootstrap.GradleDaemon 7.3.3

Host: Intel(R) Core(TM) i3-7100 CPU @ 3.90GHz, 4 cores, 7G,  Windows 10 , 64 bit Build 17134 (10.0.17134.753)
Time: Tue Jul  5 12:25:21 2022 India Standard Time elapsed time: 4.208943 seconds (0d 0h 0m 4s)

---------------  T H R E A D  ---------------

Current thread (0x00000238936ee000):  ConcurrentGCThread "G1 Conc#0" [stack: 0x0000005b41200000,0x0000005b41300000] [id=11724]

Stack: [0x0000005b41200000,0x0000005b41300000],  sp=0x0000005b412ff430,  free space=1021k
Native frames: (J=compiled Java code, j=interpreted, Vv=VM code, C=native code)
V  [jvm.dll+0x2e2269]
V  [jvm.dll+0x2e7729]
V  [jvm.dll+0x2ed721]
V  [jvm.dll+0x2eeabf]
V  [jvm.dll+0x757cd0]
V  [jvm.dll+0x6f26a5]
V  [jvm.dll+0x5fabf6]
C  [ucrtbase.dll+0x1e3fe]
C  [KERNEL32.DLL+0x14034]
C  [ntdll.dll+0x73691]


siginfo: EXCEPTION_ACCESS_VIOLATION (0xc0000005), reading address 0x0000000000000160


Register to memory mapping:

RIP=0x00007ffab2c72269 jvm.dll
RAX=0x0 is NULL
RBX=0x0000000000000004 is an unknown value
RCX=0x00000238936e4010 points into unknown readable memory: 0x00000238936ed000 | 00 d0 6e 93 38 02 00 00
RDX=0x0 is NULL
RSP=0x0000005b412ff430 points into unknown readable memory: 0x000000000000000f | 0f 00 00 00 00 00 00 00
RBP=0x00000238936e4010 points into unknown readable memory: 0x00000238936ed000 | 00 d0 6e 93 38 02 00 00
RSI=0x0000005b412ff4c0 points into unknown readable memory: 0x00007ffab31c02b8 | b8 02 1c b3 fa 7f 00 00
RDI=0x00000000859ba048 is an oop: java.util.concurrent.ConcurrentHashMap$Node 
{0x00000000859ba048} - klass: 'java/util/concurrent/ConcurrentHashMap$Node'
R8 =0x0 is NULL
R9 =0x0000000000000004 is an unknown value
R10=0x00000238936e4010 points into unknown readable memory: 0x00000238936ed000 | 00 d0 6e 93 38 02 00 00
R11=0x0000005b412ff508 points into unknown readable memory: 0x00007ffab2c7eabf | bf ea c7 b2 fa 7f 00 00
R12=0x0 is NULL
R13=0x0 is NULL
R14=0x0 is NULL
R15=0x000000000000000c is an unknown value


Registers:
RAX=0x0000000000000000, RBX=0x0000000000000004, RCX=0x00000238936e4010, RDX=0x0000000000000000
RSP=0x0000005b412ff430, RBP=0x00000238936e4010, RSI=0x0000005b412ff4c0, RDI=0x00000000859ba048
R8 =0x0000000000000000, R9 =0x0000000000000004, R10=0x00000238936e4010, R11=0x0000005b412ff508
R12=0x0000000000000000, R13=0x0000000000000000, R14=0x0000000000000000, R15=0x000000000000000c
RIP=0x00007ffab2c72269, EFLAGS=0x0000000000010206

Top of Stack: (sp=0x0000005b412ff430)
0x0000005b412ff430:   000000000000000f 0000000000000001
0x0000005b412ff440:   0000000100001a70 00007ffab2c7716b
0x0000005b412ff450:   00007ffab33372f0 00007ffab2c77729
0x0000005b412ff460:   0000005b412ff4c0 00000000859ba048
0x0000005b412ff470:   00000000859b9b98 0000000000000000
0x0000005b412ff480:   0000000000000000 00007ffab33372f0
0x0000005b412ff490:   0000000000000802 00007ffab2c7d721
0x0000005b412ff4a0:   0000000085a00000 000000010001bc50
0x0000005b412ff4b0:   00000000859b6038 00000000859b5fc8
0x0000005b412ff4c0:   00007ffab31c02b8 0000000000000000
0x0000005b412ff4d0:   00000238936aec70 00000238936e4010
0x0000005b412ff4e0:   0000000000000000 0000000000000000
0x0000005b412ff4f0:   0000000000000000 0000005b411fefe0
0x0000005b412ff500:   0000000000000000 00007ffab2c7eabf
0x0000005b412ff510:   00000238936e40b8 00000238936adae0
0x0000005b412ff520:   00000238936ee000 00000000000001e4 

Instructions: (pc=0x00007ffab2c72269)
0x00007ffab2c72169:   00 00 00 00 48 8b fa 4c 8b ca 49 8b 42 08 8b 53
0x00007ffab2c72179:   10 8b 88 c0 02 00 00 48 8b 80 b0 02 00 00 49 d3
0x00007ffab2c72189:   e8 49 8b ca 4e 8b 04 c0 e8 ba 00 00 00 84 c0 75
0x00007ffab2c72199:   0b 48 8b 5c 24 48 48 83 c4 30 5f c3 48 8b 43 20
0x00007ffab2c721a9:   48 8b 88 d8 02 00 00 48 8b 83 98 00 00 00 48 85
0x00007ffab2c721b9:   c0 74 0e 48 3b f8 72 0e 48 3b bb a0 00 00 00 72
0x00007ffab2c721c9:   77 48 3b f9 73 72 80 3d 02 9f 72 00 00 74 15 8b
0x00007ffab2c721d9:   47 08 8b 0d f7 0b 6e 00 48 d3 e0 48 03 05 e5 0b
0x00007ffab2c721e9:   6e 00 eb 04 48 8b 47 08 81 78 08 00 00 00 c0 72
0x00007ffab2c721f9:   35 48 8b 83 b0 00 00 00 48 39 83 a8 00 00 00 73
0x00007ffab2c72209:   10 48 8b 83 c8 00 00 00 48 39 83 c0 00 00 00 72
0x00007ffab2c72219:   27 48 8b cb e8 8e a3 00 00 b0 01 48 8b 5c 24 48
0x00007ffab2c72229:   48 83 c4 30 5f c3 48 8d 54 24 40 48 89 7c 24 40
0x00007ffab2c72239:   48 8b cb e8 2f 19 00 00 b0 01 48 8b 5c 24 48 48
0x00007ffab2c72249:   83 c4 30 5f c3 cc cc 48 89 5c 24 18 48 89 6c 24
0x00007ffab2c72259:   20 41 56 48 83 ec 20 49 8b d9 44 8b f2 48 8b e9
0x00007ffab2c72269:   4d 3b 88 60 01 00 00 72 13 32 c0 48 8b 5c 24 40
0x00007ffab2c72279:   48 8b 6c 24 48 48 83 c4 20 41 5e c3 48 8b 81 90
0x00007ffab2c72289:   00 00 00 48 8b d3 48 89 74 24 30 48 2b 10 8b 48
0x00007ffab2c72299:   10 48 c1 ea 03 48 d3 ea 48 8d 48 18 e8 f6 0b e3
0x00007ffab2c722a9:   ff 0f b6 f0 84 c0 74 6f 48 89 7c 24 38 48 8b 7c
0x00007ffab2c722b9:   24 50 48 85 ff 75 2d 40 38 3d 11 9e 72 00 74 15
0x00007ffab2c722c9:   8b 53 08 8b 0d 06 0b 6e 00 48 d3 e2 48 03 15 f4
0x00007ffab2c722d9:   0a 6e 00 eb 04 48 8b 53 08 48 8b cb e8 96 f7 ea
0x00007ffab2c722e9:   ff 48 63 f8 48 8b 85 f0 02 00 00 8b 0d 1e a5 72
0x00007ffab2c722f9:   00 4a 8b 14 f0 48 8b 42 18 48 8b 40 10 48 2b d8
0x00007ffab2c72309:   48 d3 eb 48 8d 4a 38 8b d3 e8 b9 e4 ff ff 48 01
0x00007ffab2c72319:   78 08 48 8b 7c 24 38 48 8b 5c 24 40 40 0f b6 c6
0x00007ffab2c72329:   48 8b 74 24 30 48 8b 6c 24 48 48 83 c4 20 41 5e
0x00007ffab2c72339:   c3 cc cc cc cc cc cc 4c 8b 81 b8 02 00 00 48 8b
0x00007ffab2c72349:   81 a8 02 00 00 8b 91 c0 02 00 00 49 03 c0 8b ca
0x00007ffab2c72359:   48 d3 e0 49 d3 e0 49 2b c0 48 83 e0 f8 c3 cc cc 


Stack slot to memory mapping:
stack at sp + 0 slots: 0x000000000000000f is an unknown value
stack at sp + 1 slots: 0x0000000000000001 is an unknown value
stack at sp + 2 slots: 0x0000000100001a70 is a pointer to class: 
java.lang.reflect.AnnotatedElement {0x0000000100001a78}
stack at sp + 3 slots: 0x00007ffab2c7716b jvm.dll
stack at sp + 4 slots: 0x00007ffab33372f0 jvm.dll
stack at sp + 5 slots: 0x00007ffab2c77729 jvm.dll
stack at sp + 6 slots: 0x0000005b412ff4c0 points into unknown readable memory: 0x00007ffab31c02b8 | b8 02 1c b3 fa 7f 00 00
stack at sp + 7 slots: 0x00000000859ba048 is an oop: java.util.concurrent.ConcurrentHashMap$Node 
{0x00000000859ba048} - klass: 'java/util/concurrent/ConcurrentHashMap$Node'


---------------  P R O C E S S  ---------------

Threads class SMR info:
_java_thread_list=0x00000238b1df9830, length=31, elements={
0x00000238936a0000, 0x00000238ad294800, 0x00000238ad296800, 0x00000238adc05800,
0x00000238adc07800, 0x00000238adc0b800, 0x00000238adc0e000, 0x00000238adc34000,
0x00000238ad2ae000, 0x00000238add83800, 0x00000238adfbd000, 0x00000238af645800,
0x00000238af76f800, 0x00000238b0258000, 0x00000238b160c800, 0x00000238aef5d800,
0x00000238b0a94000, 0x00000238b0a97800, 0x00000238b15a4000, 0x00000238b1784800,
0x00000238b178b000, 0x00000238b1789000, 0x00000238b1787800, 0x00000238b1786000,
0x00000238b1786800, 0x00000238b1788800, 0x00000238b1785000, 0x00000238b178a000,
0x00000238b1a4b000, 0x00000238b1a47000, 0x00000238b1a48000
}

Java Threads: ( => current thread )
  0x00000238936a0000 JavaThread "main" [_thread_blocked, id=11052, stack(0x0000005b40f00000,0x0000005b41000000)]
  0x00000238ad294800 JavaThread "Reference Handler" daemon [_thread_blocked, id=10004, stack(0x0000005b41600000,0x0000005b41700000)]
  0x00000238ad296800 JavaThread "Finalizer" daemon [_thread_blocked, id=11040, stack(0x0000005b41700000,0x0000005b41800000)]
  0x00000238adc05800 JavaThread "Signal Dispatcher" daemon [_thread_blocked, id=32, stack(0x0000005b41800000,0x0000005b41900000)]
  0x00000238adc07800 JavaThread "Attach Listener" daemon [_thread_blocked, id=6020, stack(0x0000005b41900000,0x0000005b41a00000)]
  0x00000238adc0b800 JavaThread "Service Thread" daemon [_thread_blocked, id=10680, stack(0x0000005b41a00000,0x0000005b41b00000)]
  0x00000238adc0e000 JavaThread "C2 CompilerThread0" daemon [_thread_blocked, id=1712, stack(0x0000005b41b00000,0x0000005b41c00000)]
  0x00000238adc34000 JavaThread "C1 CompilerThread0" daemon [_thread_blocked, id=8868, stack(0x0000005b41c00000,0x0000005b41d00000)]
  0x00000238ad2ae000 JavaThread "Sweeper thread" daemon [_thread_blocked, id=1604, stack(0x0000005b41d00000,0x0000005b41e00000)]
  0x00000238add83800 JavaThread "Common-Cleaner" daemon [_thread_blocked, id=5496, stack(0x0000005b41e00000,0x0000005b41f00000)]
  0x00000238adfbd000 JavaThread "C2 CompilerThread1" daemon [_thread_in_native, id=7580, stack(0x0000005b42000000,0x0000005b42100000)]
  0x00000238af645800 JavaThread "Daemon health stats" [_thread_blocked, id=9320, stack(0x0000005b42300000,0x0000005b42400000)]
  0x00000238af76f800 JavaThread "Incoming local TCP Connector on port 61712" [_thread_in_native, id=3860, stack(0x0000005b42400000,0x0000005b42500000)]
  0x00000238b0258000 JavaThread "Daemon periodic checks" [_thread_blocked, id=4732, stack(0x0000005b42500000,0x0000005b42600000)]
  0x00000238b160c800 JavaThread "Daemon" [_thread_blocked, id=9700, stack(0x0000005b42600000,0x0000005b42700000)]
  0x00000238aef5d800 JavaThread "Handler for socket connection from /127.0.0.1:61712 to /127.0.0.1:61713" [_thread_in_native, id=6988, stack(0x0000005b42700000,0x0000005b42800000)]
  0x00000238b0a94000 JavaThread "Cancel handler" [_thread_blocked, id=2076, stack(0x0000005b42800000,0x0000005b42900000)]
  0x00000238b0a97800 JavaThread "Daemon worker" [_thread_in_native, id=1360, stack(0x0000005b42900000,0x0000005b42a00000)]
  0x00000238b15a4000 JavaThread "Asynchronous log dispatcher for DefaultDaemonConnection: socket connection from /127.0.0.1:61712 to /127.0.0.1:61713" [_thread_blocked, id=2092, stack(0x0000005b42a00000,0x0000005b42b00000)]
  0x00000238b1784800 JavaThread "Stdin handler" [_thread_blocked, id=1652, stack(0x0000005b42b00000,0x0000005b42c00000)]
  0x00000238b178b000 JavaThread "Daemon client event forwarder" [_thread_blocked, id=11300, stack(0x0000005b42c00000,0x0000005b42d00000)]
  0x00000238b1789000 JavaThread "Cache worker for journal cache (C:\Users\geniu\.gradle\caches\journal-1)" [_thread_blocked, id=8568, stack(0x0000005b42e00000,0x0000005b42f00000)]
  0x00000238b1787800 JavaThread "File lock request listener" [_thread_in_native, id=1596, stack(0x0000005b42f00000,0x0000005b43000000)]
  0x00000238b1786000 JavaThread "Cache worker for file hash cache (C:\Users\geniu\.gradle\caches\7.3.3\fileHashes)" [_thread_blocked, id=608, stack(0x0000005b43000000,0x0000005b43100000)]
  0x00000238b1786800 JavaThread "Cache worker for file hash cache (C:\Users\geniu\AndroidStudioProjects\MyApplication2\.gradle\7.3.3\fileHashes)" [_thread_blocked, id=3536, stack(0x0000005b43100000,0x0000005b43200000)]
  0x00000238b1788800 JavaThread "File watcher server" daemon [_thread_in_native, id=6564, stack(0x0000005b43200000,0x0000005b43300000)]
  0x00000238b1785000 JavaThread "File watcher consumer" daemon [_thread_blocked, id=6544, stack(0x0000005b43300000,0x0000005b43400000)]
  0x00000238b178a000 JavaThread "Cache worker for checksums cache (C:\Users\geniu\AndroidStudioProjects\MyApplication2\.gradle\7.3.3\checksums)" [_thread_blocked, id=11188, stack(0x0000005b43400000,0x0000005b43500000)]
  0x00000238b1a4b000 JavaThread "Cache worker for cache directory md-supplier (C:\Users\geniu\.gradle\caches\7.3.3\md-supplier)" [_thread_blocked, id=11668, stack(0x0000005b43500000,0x0000005b43600000)]
  0x00000238b1a47000 JavaThread "Cache worker for cache directory md-rule (C:\Users\geniu\.gradle\caches\7.3.3\md-rule)" [_thread_blocked, id=11216, stack(0x0000005b43600000,0x0000005b43700000)]
  0x00000238b1a48000 JavaThread "Cache worker for execution history cache (C:\Users\geniu\.gradle\caches\7.3.3\executionHistory)" [_thread_blocked, id=10300, stack(0x0000005b43700000,0x0000005b43800000)]

Other Threads:
  0x00000238ad28e000 VMThread "VM Thread" [stack: 0x0000005b41500000,0x0000005b41600000] [id=10320]
  0x00000238add9f000 WatcherThread [stack: 0x0000005b41f00000,0x0000005b42000000] [id=1484]
  0x00000238936b9800 GCTaskThread "GC Thread#0" [stack: 0x0000005b41000000,0x0000005b41100000] [id=10348]
  0x00000238ae426800 GCTaskThread "GC Thread#1" [stack: 0x0000005b42100000,0x0000005b42200000] [id=4624]
  0x00000238ae427000 GCTaskThread "GC Thread#2" [stack: 0x0000005b42200000,0x0000005b42300000] [id=11628]
  0x00000238b01ee800 GCTaskThread "GC Thread#3" [stack: 0x0000005b42d00000,0x0000005b42e00000] [id=7256]
  0x00000238936ed000 ConcurrentGCThread "G1 Main Marker" [stack: 0x0000005b41100000,0x0000005b41200000] [id=9848]
=>0x00000238936ee000 ConcurrentGCThread "G1 Conc#0" [stack: 0x0000005b41200000,0x0000005b41300000] [id=11724]
  0x00000238ad0e0800 ConcurrentGCThread "G1 Refine#0" [stack: 0x0000005b41300000,0x0000005b41400000] [id=8468]
  0x00000238ad0e1800 ConcurrentGCThread "G1 Young RemSet Sampling" [stack: 0x0000005b41400000,0x0000005b41500000] [id=7304]

Threads with active compile tasks:
C2 CompilerThread1   4285 2541       4       jdk.internal.loader.URLClassPath::getResource (74 bytes)

VM state:not at safepoint (normal execution)

VM Mutex/Monitor currently owned by a thread: None

Heap address: 0x0000000080000000, size: 2048 MB, Compressed Oops mode: 32-bit
Narrow klass base: 0x0000000000000000, Narrow klass shift: 3
Compressed class space size: 1073741824 Address: 0x0000000100000000

Heap:
 garbage-first heap   total 157696K, used 27699K [0x0000000080000000, 0x0000000100000000)
  region size 1024K, 13 young (13312K), 7 survivors (7168K)
 Metaspace       used 35889K, capacity 36709K, committed 37068K, reserved 1081344K
  class space    used 4678K, capacity 4999K, committed 5120K, reserved 1048576K
Heap Regions: E=young(eden), S=young(survivor), O=old, HS=humongous(starts), HC=humongous(continues), CS=collection set, F=free, A=archive, TAMS=top-at-mark-start (previous, next)
|   0|0x0000000080000000, 0x0000000080100000, 0x0000000080100000|100%| O|  |TAMS 0x0000000080100000, 0x0000000080100000| Untracked 
|   1|0x0000000080100000, 0x0000000080200000, 0x0000000080200000|100%| O|  |TAMS 0x0000000080200000, 0x0000000080200000| Untracked 
|   2|0x0000000080200000, 0x0000000080300000, 0x0000000080300000|100%| O|  |TAMS 0x0000000080300000, 0x0000000080300000| Untracked 
|   3|0x0000000080300000, 0x0000000080400000, 0x0000000080400000|100%|HS|  |TAMS 0x0000000080400000, 0x0000000080400000| Complete 
|   4|0x0000000080400000, 0x0000000080500000, 0x0000000080500000|100%|HC|  |TAMS 0x0000000080500000, 0x0000000080500000| Complete 
|   5|0x0000000080500000, 0x0000000080600000, 0x0000000080600000|100%|HC|  |TAMS 0x0000000080600000, 0x0000000080600000| Complete 
|   6|0x0000000080600000, 0x0000000080700000, 0x0000000080700000|100%| O|  |TAMS 0x0000000080700000, 0x0000000080700000| Untracked 
|   7|0x0000000080700000, 0x0000000080800000, 0x0000000080800000|100%| O|  |TAMS 0x0000000080800000, 0x0000000080800000| Untracked 
|   8|0x0000000080800000, 0x0000000080900000, 0x0000000080900000|100%| O|  |TAMS 0x0000000080900000, 0x0000000080900000| Untracked 
|   9|0x0000000080900000, 0x0000000080a00000, 0x0000000080a00000|100%| O|  |TAMS 0x0000000080a00000, 0x0000000080a00000| Untracked 
|  10|0x0000000080a00000, 0x0000000080b00000, 0x0000000080b00000|100%| O|  |TAMS 0x0000000080b00000, 0x0000000080b00000| Untracked 
|  11|0x0000000080b00000, 0x0000000080c00000, 0x0000000080c00000|100%| O|  |TAMS 0x0000000080c00000, 0x0000000080c00000| Untracked 
|  12|0x0000000080c00000, 0x0000000080d00000, 0x0000000080d00000|100%| O|  |TAMS 0x0000000080c1b800, 0x0000000080d00000| Untracked 
|  13|0x0000000080d00000, 0x0000000080e00000, 0x0000000080e00000|100%| O|  |TAMS 0x0000000080d00000, 0x0000000080e00000| Untracked 
|  14|0x0000000080e00000, 0x0000000080f00000, 0x0000000080f00000|100%| O|  |TAMS 0x0000000080e00000, 0x0000000080f00000| Untracked 
|  15|0x0000000080f00000, 0x0000000080fe7400, 0x0000000081000000| 90%| O|  |TAMS 0x0000000080f00000, 0x0000000080fe7400| Untracked 
|  16|0x0000000081000000, 0x0000000081000000, 0x0000000081100000|  0%| F|  |TAMS 0x0000000081000000, 0x0000000081000000| Untracked 
|  17|0x0000000081100000, 0x0000000081100000, 0x0000000081200000|  0%| F|  |TAMS 0x0000000081100000, 0x0000000081100000| Untracked 
|  18|0x0000000081200000, 0x0000000081200000, 0x0000000081300000|  0%| F|  |TAMS 0x0000000081200000, 0x0000000081200000| Untracked 
|  19|0x0000000081300000, 0x0000000081300000, 0x0000000081400000|  0%| F|  |TAMS 0x0000000081300000, 0x0000000081300000| Untracked 
|  20|0x0000000081400000, 0x0000000081400000, 0x0000000081500000|  0%| F|  |TAMS 0x0000000081400000, 0x0000000081400000| Untracked 
|  21|0x0000000081500000, 0x0000000081500000, 0x0000000081600000|  0%| F|  |TAMS 0x0000000081500000, 0x0000000081500000| Untracked 
|  22|0x0000000081600000, 0x0000000081600000, 0x0000000081700000|  0%| F|  |TAMS 0x0000000081600000, 0x0000000081600000| Untracked 
|  23|0x0000000081700000, 0x0000000081700000, 0x0000000081800000|  0%| F|  |TAMS 0x0000000081700000, 0x0000000081700000| Untracked 
|  24|0x0000000081800000, 0x0000000081800000, 0x0000000081900000|  0%| F|  |TAMS 0x0000000081800000, 0x0000000081800000| Untracked 
|  25|0x0000000081900000, 0x0000000081900000, 0x0000000081a00000|  0%| F|  |TAMS 0x0000000081900000, 0x0000000081900000| Untracked 
|  26|0x0000000081a00000, 0x0000000081a00000, 0x0000000081b00000|  0%| F|  |TAMS 0x0000000081a00000, 0x0000000081a00000| Untracked 
|  27|0x0000000081b00000, 0x0000000081b00000, 0x0000000081c00000|  0%| F|  |TAMS 0x0000000081b00000, 0x0000000081b00000| Untracked 
|  28|0x0000000081c00000, 0x0000000081c00000, 0x0000000081d00000|  0%| F|  |TAMS 0x0000000081c00000, 0x0000000081c00000| Untracked 
|  29|0x0000000081d00000, 0x0000000081d00000, 0x0000000081e00000|  0%| F|  |TAMS 0x0000000081d00000, 0x0000000081d00000| Untracked 
|  30|0x0000000081e00000, 0x0000000081e00000, 0x0000000081f00000|  0%| F|  |TAMS 0x0000000081e00000, 0x0000000081e00000| Untracked 
|  31|0x0000000081f00000, 0x0000000081f00000, 0x0000000082000000|  0%| F|  |TAMS 0x0000000081f00000, 0x0000000081f00000| Untracked 
|  32|0x0000000082000000, 0x0000000082000000, 0x0000000082100000|  0%| F|  |TAMS 0x0000000082000000, 0x0000000082000000| Untracked 
|  33|0x0000000082100000, 0x0000000082100000, 0x0000000082200000|  0%| F|  |TAMS 0x0000000082100000, 0x0000000082100000| Untracked 
|  34|0x0000000082200000, 0x0000000082200000, 0x0000000082300000|  0%| F|  |TAMS 0x0000000082200000, 0x0000000082200000| Untracked 
|  35|0x0000000082300000, 0x0000000082300000, 0x0000000082400000|  0%| F|  |TAMS 0x0000000082300000, 0x0000000082300000| Untracked 
|  36|0x0000000082400000, 0x0000000082400000, 0x0000000082500000|  0%| F|  |TAMS 0x0000000082400000, 0x0000000082400000| Untracked 
|  37|0x0000000082500000, 0x0000000082500000, 0x0000000082600000|  0%| F|  |TAMS 0x0000000082500000, 0x0000000082500000| Untracked 
|  38|0x0000000082600000, 0x0000000082600000, 0x0000000082700000|  0%| F|  |TAMS 0x0000000082600000, 0x0000000082600000| Untracked 
|  39|0x0000000082700000, 0x0000000082700000, 0x0000000082800000|  0%| F|  |TAMS 0x0000000082700000, 0x0000000082700000| Untracked 
|  40|0x0000000082800000, 0x0000000082800000, 0x0000000082900000|  0%| F|  |TAMS 0x0000000082800000, 0x0000000082800000| Untracked 
|  41|0x0000000082900000, 0x0000000082900000, 0x0000000082a00000|  0%| F|  |TAMS 0x0000000082900000, 0x0000000082900000| Untracked 
|  42|0x0000000082a00000, 0x0000000082a00000, 0x0000000082b00000|  0%| F|  |TAMS 0x0000000082a00000, 0x0000000082a00000| Untracked 
|  43|0x0000000082b00000, 0x0000000082b00000, 0x0000000082c00000|  0%| F|  |TAMS 0x0000000082b00000, 0x0000000082b00000| Untracked 
|  44|0x0000000082c00000, 0x0000000082c00000, 0x0000000082d00000|  0%| F|  |TAMS 0x0000000082c00000, 0x0000000082c00000| Untracked 
|  45|0x0000000082d00000, 0x0000000082d00000, 0x0000000082e00000|  0%| F|  |TAMS 0x0000000082d00000, 0x0000000082d00000| Untracked 
|  46|0x0000000082e00000, 0x0000000082e00000, 0x0000000082f00000|  0%| F|  |TAMS 0x0000000082e00000, 0x0000000082e00000| Untracked 
|  47|0x0000000082f00000, 0x0000000082f00000, 0x0000000083000000|  0%| F|  |TAMS 0x0000000082f00000, 0x0000000082f00000| Untracked 
|  48|0x0000000083000000, 0x0000000083000000, 0x0000000083100000|  0%| F|  |TAMS 0x0000000083000000, 0x0000000083000000| Untracked 
|  49|0x0000000083100000, 0x0000000083100000, 0x0000000083200000|  0%| F|  |TAMS 0x0000000083100000, 0x0000000083100000| Untracked 
|  50|0x0000000083200000, 0x0000000083200000, 0x0000000083300000|  0%| F|  |TAMS 0x0000000083200000, 0x0000000083200000| Untracked 
|  51|0x0000000083300000, 0x0000000083300000, 0x0000000083400000|  0%| F|  |TAMS 0x0000000083300000, 0x0000000083300000| Untracked 
|  52|0x0000000083400000, 0x0000000083400000, 0x0000000083500000|  0%| F|  |TAMS 0x0000000083400000, 0x0000000083400000| Untracked 
|  53|0x0000000083500000, 0x0000000083500000, 0x0000000083600000|  0%| F|  |TAMS 0x0000000083500000, 0x0000000083500000| Untracked 
|  54|0x0000000083600000, 0x0000000083600000, 0x0000000083700000|  0%| F|  |TAMS 0x0000000083600000, 0x0000000083600000| Untracked 
|  55|0x0000000083700000, 0x0000000083700000, 0x0000000083800000|  0%| F|  |TAMS 0x0000000083700000, 0x0000000083700000| Untracked 
|  56|0x0000000083800000, 0x0000000083800000, 0x0000000083900000|  0%| F|  |TAMS 0x0000000083800000, 0x0000000083800000| Untracked 
|  57|0x0000000083900000, 0x0000000083900000, 0x0000000083a00000|  0%| F|  |TAMS 0x0000000083900000, 0x0000000083900000| Untracked 
|  58|0x0000000083a00000, 0x0000000083a00000, 0x0000000083b00000|  0%| F|  |TAMS 0x0000000083a00000, 0x0000000083a00000| Untracked 
|  59|0x0000000083b00000, 0x0000000083b00000, 0x0000000083c00000|  0%| F|  |TAMS 0x0000000083b00000, 0x0000000083b00000| Untracked 
|  60|0x0000000083c00000, 0x0000000083c00000, 0x0000000083d00000|  0%| F|  |TAMS 0x0000000083c00000, 0x0000000083c00000| Untracked 
|  61|0x0000000083d00000, 0x0000000083d00000, 0x0000000083e00000|  0%| F|  |TAMS 0x0000000083d00000, 0x0000000083d00000| Untracked 
|  62|0x0000000083e00000, 0x0000000083e00000, 0x0000000083f00000|  0%| F|  |TAMS 0x0000000083e00000, 0x0000000083e00000| Untracked 
|  63|0x0000000083f00000, 0x0000000083f00000, 0x0000000084000000|  0%| F|  |TAMS 0x0000000083f00000, 0x0000000083f00000| Untracked 
|  64|0x0000000084000000, 0x0000000084000000, 0x0000000084100000|  0%| F|  |TAMS 0x0000000084000000, 0x0000000084000000| Untracked 
|  65|0x0000000084100000, 0x0000000084100000, 0x0000000084200000|  0%| F|  |TAMS 0x0000000084100000, 0x0000000084100000| Untracked 
|  66|0x0000000084200000, 0x0000000084200000, 0x0000000084300000|  0%| F|  |TAMS 0x0000000084200000, 0x0000000084200000| Untracked 
|  67|0x0000000084300000, 0x0000000084300000, 0x0000000084400000|  0%| F|  |TAMS 0x0000000084300000, 0x0000000084300000| Untracked 
|  68|0x0000000084400000, 0x0000000084400000, 0x0000000084500000|  0%| F|  |TAMS 0x0000000084400000, 0x0000000084400000| Untracked 
|  69|0x0000000084500000, 0x0000000084500000, 0x0000000084600000|  0%| F|  |TAMS 0x0000000084500000, 0x0000000084500000| Untracked 
|  70|0x0000000084600000, 0x0000000084600000, 0x0000000084700000|  0%| F|  |TAMS 0x0000000084600000, 0x0000000084600000| Untracked 
|  71|0x0000000084700000, 0x0000000084700000, 0x0000000084800000|  0%| F|  |TAMS 0x0000000084700000, 0x0000000084700000| Untracked 
|  72|0x0000000084800000, 0x0000000084800000, 0x0000000084900000|  0%| F|  |TAMS 0x0000000084800000, 0x0000000084800000| Untracked 
|  73|0x0000000084900000, 0x0000000084900000, 0x0000000084a00000|  0%| F|  |TAMS 0x0000000084900000, 0x0000000084900000| Untracked 
|  74|0x0000000084a00000, 0x0000000084a00000, 0x0000000084b00000|  0%| F|  |TAMS 0x0000000084a00000, 0x0000000084a00000| Untracked 
|  75|0x0000000084b00000, 0x0000000084b00000, 0x0000000084c00000|  0%| F|  |TAMS 0x0000000084b00000, 0x0000000084b00000| Untracked 
|  76|0x0000000084c00000, 0x0000000084c00000, 0x0000000084d00000|  0%| F|  |TAMS 0x0000000084c00000, 0x0000000084c00000| Untracked 
|  77|0x0000000084d00000, 0x0000000084d00000, 0x0000000084e00000|  0%| F|  |TAMS 0x0000000084d00000, 0x0000000084d00000| Untracked 
|  78|0x0000000084e00000, 0x0000000084e00000, 0x0000000084f00000|  0%| F|  |TAMS 0x0000000084e00000, 0x0000000084e00000| Untracked 
|  79|0x0000000084f00000, 0x0000000084f00000, 0x0000000085000000|  0%| F|  |TAMS 0x0000000084f00000, 0x0000000084f00000| Untracked 
|  80|0x0000000085000000, 0x0000000085000000, 0x0000000085100000|  0%| F|  |TAMS 0x0000000085000000, 0x0000000085000000| Untracked 
|  81|0x0000000085100000, 0x0000000085100000, 0x0000000085200000|  0%| F|  |TAMS 0x0000000085100000, 0x0000000085100000| Untracked 
|  82|0x0000000085200000, 0x0000000085200000, 0x0000000085300000|  0%| F|  |TAMS 0x0000000085200000, 0x0000000085200000| Untracked 
|  83|0x0000000085300000, 0x0000000085300000, 0x0000000085400000|  0%| F|  |TAMS 0x0000000085300000, 0x0000000085300000| Untracked 
|  84|0x0000000085400000, 0x0000000085400000, 0x0000000085500000|  0%| F|  |TAMS 0x0000000085400000, 0x0000000085400000| Untracked 
|  85|0x0000000085500000, 0x0000000085500000, 0x0000000085600000|  0%| F|  |TAMS 0x0000000085500000, 0x0000000085500000| Untracked 
|  86|0x0000000085600000, 0x0000000085600000, 0x0000000085700000|  0%| F|  |TAMS 0x0000000085600000, 0x0000000085600000| Untracked 
|  87|0x0000000085700000, 0x0000000085725928, 0x0000000085800000| 14%| S|CS|TAMS 0x0000000085700000, 0x0000000085700000| Complete 
|  88|0x0000000085800000, 0x0000000085900000, 0x0000000085900000|100%| S|CS|TAMS 0x0000000085800000, 0x0000000085800000| Complete 
|  89|0x0000000085900000, 0x0000000085a00000, 0x0000000085a00000|100%| S|CS|TAMS 0x0000000085900000, 0x0000000085900000| Complete 
|  90|0x0000000085a00000, 0x0000000085b00000, 0x0000000085b00000|100%| S|CS|TAMS 0x0000000085a00000, 0x0000000085a00000| Complete 
|  91|0x0000000085b00000, 0x0000000085c00000, 0x0000000085c00000|100%| S|CS|TAMS 0x0000000085b00000, 0x0000000085b00000| Complete 
|  92|0x0000000085c00000, 0x0000000085d00000, 0x0000000085d00000|100%| S|CS|TAMS 0x0000000085c00000, 0x0000000085c00000| Complete 
|  93|0x0000000085d00000, 0x0000000085e00000, 0x0000000085e00000|100%| S|CS|TAMS 0x0000000085d00000, 0x0000000085d00000| Complete 
|  94|0x0000000085e00000, 0x0000000085e00000, 0x0000000085f00000|  0%| F|  |TAMS 0x0000000085e00000, 0x0000000085e00000| Untracked 
|  95|0x0000000085f00000, 0x0000000085f00000, 0x0000000086000000|  0%| F|  |TAMS 0x0000000085f00000, 0x0000000085f00000| Untracked 
|  96|0x0000000086000000, 0x0000000086000000, 0x0000000086100000|  0%| F|  |TAMS 0x0000000086000000, 0x0000000086000000| Untracked 
|  97|0x0000000086100000, 0x0000000086100000, 0x0000000086200000|  0%| F|  |TAMS 0x0000000086100000, 0x0000000086100000| Untracked 
|  98|0x0000000086200000, 0x0000000086200000, 0x0000000086300000|  0%| F|  |TAMS 0x0000000086200000, 0x0000000086200000| Untracked 
|  99|0x0000000086300000, 0x0000000086300000, 0x0000000086400000|  0%| F|  |TAMS 0x0000000086300000, 0x0000000086300000| Untracked 
| 100|0x0000000086400000, 0x0000000086400000, 0x0000000086500000|  0%| F|  |TAMS 0x0000000086400000, 0x0000000086400000| Untracked 
| 101|0x0000000086500000, 0x0000000086500000, 0x0000000086600000|  0%| F|  |TAMS 0x0000000086500000, 0x0000000086500000| Untracked 
| 102|0x0000000086600000, 0x0000000086600000, 0x0000000086700000|  0%| F|  |TAMS 0x0000000086600000, 0x0000000086600000| Untracked 
| 103|0x0000000086700000, 0x0000000086700000, 0x0000000086800000|  0%| F|  |TAMS 0x0000000086700000, 0x0000000086700000| Untracked 
| 104|0x0000000086800000, 0x0000000086800000, 0x0000000086900000|  0%| F|  |TAMS 0x0000000086800000, 0x0000000086800000| Untracked 
| 105|0x0000000086900000, 0x0000000086900000, 0x0000000086a00000|  0%| F|  |TAMS 0x0000000086900000, 0x0000000086900000| Untracked 
| 106|0x0000000086a00000, 0x0000000086a00000, 0x0000000086b00000|  0%| F|  |TAMS 0x0000000086a00000, 0x0000000086a00000| Untracked 
| 107|0x0000000086b00000, 0x0000000086b00000, 0x0000000086c00000|  0%| F|  |TAMS 0x0000000086b00000, 0x0000000086b00000| Untracked 
| 108|0x0000000086c00000, 0x0000000086c00000, 0x0000000086d00000|  0%| F|  |TAMS 0x0000000086c00000, 0x0000000086c00000| Untracked 
| 109|0x0000000086d00000, 0x0000000086d00000, 0x0000000086e00000|  0%| F|  |TAMS 0x0000000086d00000, 0x0000000086d00000| Untracked 
| 110|0x0000000086e00000, 0x0000000086e00000, 0x0000000086f00000|  0%| F|  |TAMS 0x0000000086e00000, 0x0000000086e00000| Untracked 
| 111|0x0000000086f00000, 0x0000000086f00000, 0x0000000087000000|  0%| F|  |TAMS 0x0000000086f00000, 0x0000000086f00000| Untracked 
| 112|0x0000000087000000, 0x0000000087000000, 0x0000000087100000|  0%| F|  |TAMS 0x0000000087000000, 0x0000000087000000| Untracked 
| 113|0x0000000087100000, 0x0000000087100000, 0x0000000087200000|  0%| F|  |TAMS 0x0000000087100000, 0x0000000087100000| Untracked 
| 114|0x0000000087200000, 0x0000000087200000, 0x0000000087300000|  0%| F|  |TAMS 0x0000000087200000, 0x0000000087200000| Untracked 
| 115|0x0000000087300000, 0x0000000087300000, 0x0000000087400000|  0%| F|  |TAMS 0x0000000087300000, 0x0000000087300000| Untracked 
| 116|0x0000000087400000, 0x0000000087400000, 0x0000000087500000|  0%| F|  |TAMS 0x0000000087400000, 0x0000000087400000| Untracked 
| 117|0x0000000087500000, 0x0000000087500000, 0x0000000087600000|  0%| F|  |TAMS 0x0000000087500000, 0x0000000087500000| Untracked 
| 118|0x0000000087600000, 0x0000000087600000, 0x0000000087700000|  0%| F|  |TAMS 0x0000000087600000, 0x0000000087600000| Untracked 
| 119|0x0000000087700000, 0x0000000087700000, 0x0000000087800000|  0%| F|  |TAMS 0x0000000087700000, 0x0000000087700000| Untracked 
| 120|0x0000000087800000, 0x0000000087800000, 0x0000000087900000|  0%| F|  |TAMS 0x0000000087800000, 0x0000000087800000| Untracked 
| 121|0x0000000087900000, 0x0000000087900000, 0x0000000087a00000|  0%| F|  |TAMS 0x0000000087900000, 0x0000000087900000| Untracked 
| 122|0x0000000087a00000, 0x0000000087a00000, 0x0000000087b00000|  0%| F|  |TAMS 0x0000000087a00000, 0x0000000087a00000| Untracked 
| 123|0x0000000087b00000, 0x0000000087b00000, 0x0000000087c00000|  0%| F|  |TAMS 0x0000000087b00000, 0x0000000087b00000| Untracked 
| 124|0x0000000087c00000, 0x0000000087c00000, 0x0000000087d00000|  0%| F|  |TAMS 0x0000000087c00000, 0x0000000087c00000| Untracked 
| 125|0x0000000087d00000, 0x0000000087d00000, 0x0000000087e00000|  0%| F|  |TAMS 0x0000000087d00000, 0x0000000087d00000| Untracked 
| 126|0x0000000087e00000, 0x0000000087e00000, 0x0000000087f00000|  0%| F|  |TAMS 0x0000000087e00000, 0x0000000087e00000| Untracked 
| 127|0x0000000087f00000, 0x0000000087f00000, 0x0000000088000000|  0%| F|  |TAMS 0x0000000087f00000, 0x0000000087f00000| Untracked 
| 128|0x0000000088000000, 0x0000000088000000, 0x0000000088100000|  0%| F|  |TAMS 0x0000000088000000, 0x0000000088000000| Untracked 
| 129|0x0000000088100000, 0x0000000088100000, 0x0000000088200000|  0%| F|  |TAMS 0x0000000088100000, 0x0000000088100000| Untracked 
| 130|0x0000000088200000, 0x0000000088200000, 0x0000000088300000|  0%| F|  |TAMS 0x0000000088200000, 0x0000000088200000| Untracked 
| 131|0x0000000088300000, 0x0000000088300000, 0x0000000088400000|  0%| F|  |TAMS 0x0000000088300000, 0x0000000088300000| Untracked 
| 132|0x0000000088400000, 0x0000000088400000, 0x0000000088500000|  0%| F|  |TAMS 0x0000000088400000, 0x0000000088400000| Untracked 
| 133|0x0000000088500000, 0x0000000088500000, 0x0000000088600000|  0%| F|  |TAMS 0x0000000088500000, 0x0000000088500000| Untracked 
| 134|0x0000000088600000, 0x0000000088600000, 0x0000000088700000|  0%| F|  |TAMS 0x0000000088600000, 0x0000000088600000| Untracked 
| 135|0x0000000088700000, 0x0000000088700000, 0x0000000088800000|  0%| F|  |TAMS 0x0000000088700000, 0x0000000088700000| Untracked 
| 136|0x0000000088800000, 0x0000000088800000, 0x0000000088900000|  0%| F|  |TAMS 0x0000000088800000, 0x0000000088800000| Untracked 
| 137|0x0000000088900000, 0x0000000088900000, 0x0000000088a00000|  0%| F|  |TAMS 0x0000000088900000, 0x0000000088900000| Untracked 
| 138|0x0000000088a00000, 0x0000000088a00000, 0x0000000088b00000|  0%| F|  |TAMS 0x0000000088a00000, 0x0000000088a00000| Untracked 
| 139|0x0000000088b00000, 0x0000000088b00000, 0x0000000088c00000|  0%| F|  |TAMS 0x0000000088b00000, 0x0000000088b00000| Untracked 
| 140|0x0000000088c00000, 0x0000000088c00000, 0x0000000088d00000|  0%| F|  |TAMS 0x0000000088c00000, 0x0000000088c00000| Untracked 
| 141|0x0000000088d00000, 0x0000000088d00000, 0x0000000088e00000|  0%| F|  |TAMS 0x0000000088d00000, 0x0000000088d00000| Untracked 
| 142|0x0000000088e00000, 0x0000000088e00000, 0x0000000088f00000|  0%| F|  |TAMS 0x0000000088e00000, 0x0000000088e00000| Untracked 
| 143|0x0000000088f00000, 0x0000000088f00000, 0x0000000089000000|  0%| F|  |TAMS 0x0000000088f00000, 0x0000000088f00000| Untracked 
| 144|0x0000000089000000, 0x0000000089000000, 0x0000000089100000|  0%| F|  |TAMS 0x0000000089000000, 0x0000000089000000| Untracked 
| 145|0x0000000089100000, 0x0000000089100000, 0x0000000089200000|  0%| F|  |TAMS 0x0000000089100000, 0x0000000089100000| Untracked 
| 146|0x0000000089200000, 0x0000000089200000, 0x0000000089300000|  0%| F|  |TAMS 0x0000000089200000, 0x0000000089200000| Untracked 
| 147|0x0000000089300000, 0x0000000089300000, 0x0000000089400000|  0%| F|  |TAMS 0x0000000089300000, 0x0000000089300000| Untracked 
| 148|0x0000000089400000, 0x0000000089480800, 0x0000000089500000| 50%| E|  |TAMS 0x0000000089400000, 0x0000000089400000| Complete 
| 149|0x0000000089500000, 0x0000000089600000, 0x0000000089600000|100%| E|CS|TAMS 0x0000000089500000, 0x0000000089500000| Complete 
| 150|0x0000000089600000, 0x0000000089700000, 0x0000000089700000|100%| E|CS|TAMS 0x0000000089600000, 0x0000000089600000| Complete 
| 151|0x0000000089700000, 0x0000000089800000, 0x0000000089800000|100%| E|CS|TAMS 0x0000000089700000, 0x0000000089700000| Complete 
| 152|0x0000000089800000, 0x0000000089900000, 0x0000000089900000|100%| E|CS|TAMS 0x0000000089800000, 0x0000000089800000| Complete 
| 153|0x0000000089900000, 0x0000000089a00000, 0x0000000089a00000|100%| E|CS|TAMS 0x0000000089900000, 0x0000000089900000| Complete 

Card table byte_map: [0x00000238a65a0000,0x00000238a69a0000] _byte_map_base: 0x00000238a61a0000

Marking Bits (Prev, Next): (CMBitMap*) 0x00000238936e4060, (CMBitMap*) 0x00000238936e4028
 Prev Bits: [0x00000238a8da0000, 0x00000238aada0000)
 Next Bits: [0x00000238a6da0000, 0x00000238a8da0000)

Polling page: 0x0000023891630000

Metaspace:

Usage:
  Non-class:     31.03 MB capacity,    30.50 MB ( 98%) used,   466.01 KB (  1%) free+waste,    75.63 KB ( <1%) overhead. 
      Class:      4.88 MB capacity,     4.57 MB ( 94%) used,   282.50 KB (  6%) free+waste,    37.06 KB ( <1%) overhead. 
       Both:     35.91 MB capacity,    35.07 MB ( 98%) used,   748.51 KB (  2%) free+waste,   112.69 KB ( <1%) overhead. 

Virtual space:
  Non-class space:       32.00 MB reserved,      31.20 MB ( 97%) committed 
      Class space:        1.00 GB reserved,       5.00 MB ( <1%) committed 
             Both:        1.03 GB reserved,      36.20 MB (  3%) committed 

Chunk freelists:
   Non-Class:  34.00 KB
       Class:  25.00 KB
        Both:  59.00 KB

MaxMetaspaceSize: 17179869184.00 GB
CompressedClassSpaceSize: 1.00 GB
Initial GC threshold: 20.80 MB
Current GC threshold: 36.30 MB
CDS: off

CodeHeap 'non-profiled nmethods': size=120064Kb used=1496Kb max_used=1496Kb free=118567Kb
 bounds [0x000002389ec60000, 0x000002389eed0000, 0x00000238a61a0000]
CodeHeap 'profiled nmethods': size=120000Kb used=5955Kb max_used=5955Kb free=114044Kb
 bounds [0x0000023897730000, 0x0000023897d10000, 0x000002389ec60000]
CodeHeap 'non-nmethods': size=5696Kb used=1245Kb max_used=1275Kb free=4450Kb
 bounds [0x00000238971a0000, 0x0000023897410000, 0x0000023897730000]
 total_blobs=3351 nmethods=2828 adapters=434
 compilation: enabled
              stopped_count=0, restarted_count=0
 full_count=0

Compilation events (20 events):
Event: 4.174 Thread 0x00000238adc34000 nmethod 2743 0x0000023897cd7910 code [0x0000023897cd7ae0, 0x0000023897cd7e08]
Event: 4.174 Thread 0x00000238adc34000 2744       3       org.codehaus.groovy.util.ReferenceManager$CallBackedManager::removeStallEntries0 (51 bytes)
Event: 4.175 Thread 0x00000238adc34000 nmethod 2744 0x0000023897cd7e90 code [0x0000023897cd80c0, 0x0000023897cd8998]
Event: 4.175 Thread 0x00000238adc34000 2747       3       org.codehaus.groovy.runtime.metaclass.MetaMethodIndex::getOrPutMethods (184 bytes)
Event: 4.176 Thread 0x00000238adc34000 nmethod 2747 0x0000023897cd8c10 code [0x0000023897cd8e60, 0x0000023897cd9958]
Event: 4.176 Thread 0x00000238adc34000 2745       3       org.codehaus.groovy.runtime.metaclass.MetaMethodIndex::isMatchingMethod (61 bytes)
Event: 4.176 Thread 0x00000238adc34000 nmethod 2745 0x0000023897cd9d10 code [0x0000023897cd9f00, 0x0000023897cda478]
Event: 4.176 Thread 0x00000238adc34000 2746       1       org.codehaus.groovy.reflection.CachedMethod::getDeclaringClass (5 bytes)
Event: 4.176 Thread 0x00000238adc34000 nmethod 2746 0x000002389edcba90 code [0x000002389edcbc40, 0x000002389edcbcf8]
Event: 4.176 Thread 0x00000238adc34000 2749       1       org.codehaus.groovy.util.FastArray::size (5 bytes)
Event: 4.176 Thread 0x00000238adc34000 nmethod 2749 0x000002389edcbd90 code [0x000002389edcbf40, 0x000002389edcbff8]
Event: 4.176 Thread 0x00000238adc34000 2750       1       org.codehaus.groovy.util.FastArray::getArray (5 bytes)
Event: 4.176 Thread 0x00000238adc34000 nmethod 2750 0x000002389edcc090 code [0x000002389edcc240, 0x000002389edcc2f8]
Event: 4.177 Thread 0x00000238adc34000 2751       3       java.util.Arrays::binarySearch (10 bytes)
Event: 4.177 Thread 0x00000238adc34000 nmethod 2751 0x0000023897cda690 code [0x0000023897cda840, 0x0000023897cda968]
Event: 4.177 Thread 0x00000238adc34000 2753       3       groovy.lang.MetaClassImpl$1MOPIter::methodNameAction (325 bytes)
Event: 4.179 Thread 0x00000238adc34000 nmethod 2753 0x0000023897cdaa10 code [0x0000023897cdae00, 0x0000023897cdcc58]
Event: 4.179 Thread 0x00000238adc34000 2754       3       org.codehaus.groovy.reflection.CachedClass::getSuperClassDistance (41 bytes)
Event: 4.179 Thread 0x00000238adc34000 nmethod 2754 0x0000023897cdd610 code [0x0000023897cdd7e0, 0x0000023897cdda48]
Event: 4.179 Thread 0x00000238adc34000 2752       3       java.util.Arrays::binarySearch0 (95 bytes)

GC Heap History (14 events):
Event: 0.653 GC heap before
{Heap before GC invocations=0 (full 0):
 garbage-first heap   total 131072K, used 20480K [0x0000000080000000, 0x0000000100000000)
  region size 1024K, 14 young (14336K), 0 survivors (0K)
 Metaspace       used 6728K, capacity 6925K, committed 7168K, reserved 1056768K
  class space    used 582K, capacity 650K, committed 768K, reserved 1048576K
}
Event: 0.657 GC heap after
{Heap after GC invocations=1 (full 0):
 garbage-first heap   total 131072K, used 8051K [0x0000000080000000, 0x0000000100000000)
  region size 1024K, 2 young (2048K), 2 survivors (2048K)
 Metaspace       used 6728K, capacity 6925K, committed 7168K, reserved 1056768K
  class space    used 582K, capacity 650K, committed 768K, reserved 1048576K
}
Event: 0.985 GC heap before
{Heap before GC invocations=1 (full 0):
 garbage-first heap   total 131072K, used 19315K [0x0000000080000000, 0x0000000100000000)
  region size 1024K, 13 young (13312K), 2 survivors (2048K)
 Metaspace       used 10241K, capacity 10495K, committed 10624K, reserved 1058816K
  class space    used 1072K, capacity 1141K, committed 1152K, reserved 1048576K
}
Event: 0.988 GC heap after
{Heap after GC invocations=2 (full 0):
 garbage-first heap   total 131072K, used 9737K [0x0000000080000000, 0x0000000100000000)
  region size 1024K, 2 young (2048K), 2 survivors (2048K)
 Metaspace       used 10241K, capacity 10495K, committed 10624K, reserved 1058816K
  class space    used 1072K, capacity 1141K, committed 1152K, reserved 1048576K
}
Event: 1.473 GC heap before
{Heap before GC invocations=2 (full 0):
 garbage-first heap   total 131072K, used 38409K [0x0000000080000000, 0x0000000100000000)
  region size 1024K, 30 young (30720K), 2 survivors (2048K)
 Metaspace       used 11225K, capacity 11450K, committed 11520K, reserved 1058816K
  class space    used 1176K, capacity 1246K, committed 1280K, reserved 1048576K
}
Event: 1.475 GC heap after
{Heap after GC invocations=3 (full 0):
 garbage-first heap   total 131072K, used 13275K [0x0000000080000000, 0x0000000100000000)
  region size 1024K, 4 young (4096K), 4 survivors (4096K)
 Metaspace       used 11225K, capacity 11450K, committed 11520K, reserved 1058816K
  class space    used 1176K, capacity 1246K, committed 1280K, reserved 1048576K
}
Event: 2.305 GC heap before
{Heap before GC invocations=3 (full 0):
 garbage-first heap   total 131072K, used 54235K [0x0000000080000000, 0x0000000100000000)
  region size 1024K, 45 young (46080K), 4 survivors (4096K)
 Metaspace       used 17540K, capacity 17881K, committed 18176K, reserved 1064960K
  class space    used 2073K, capacity 2179K, committed 2304K, reserved 1048576K
}
Event: 2.312 GC heap after
{Heap after GC invocations=4 (full 0):
 garbage-first heap   total 131072K, used 16521K [0x0000000080000000, 0x0000000100000000)
  region size 1024K, 6 young (6144K), 6 survivors (6144K)
 Metaspace       used 17540K, capacity 17881K, committed 18176K, reserved 1064960K
  class space    used 2073K, capacity 2179K, committed 2304K, reserved 1048576K
}
Event: 2.596 GC heap before
{Heap before GC invocations=4 (full 0):
 garbage-first heap   total 131072K, used 46217K [0x0000000080000000, 0x0000000100000000)
  region size 1024K, 36 young (36864K), 6 survivors (6144K)
 Metaspace       used 20740K, capacity 21144K, committed 21248K, reserved 1067008K
  class space    used 2555K, capacity 2713K, committed 2816K, reserved 1048576K
}
Event: 2.601 GC heap after
{Heap after GC invocations=5 (full 0):
 garbage-first heap   total 131072K, used 17493K [0x0000000080000000, 0x0000000100000000)
  region size 1024K, 5 young (5120K), 5 survivors (5120K)
 Metaspace       used 20740K, capacity 21144K, committed 21248K, reserved 1067008K
  class space    used 2555K, capacity 2713K, committed 2816K, reserved 1048576K
}
Event: 3.253 GC heap before
{Heap before GC invocations=6 (full 0):
 garbage-first heap   total 131072K, used 67669K [0x0000000080000000, 0x0000000100000000)
  region size 1024K, 54 young (55296K), 5 survivors (5120K)
 Metaspace       used 26048K, capacity 26623K, committed 26752K, reserved 1073152K
  class space    used 3377K, capacity 3587K, committed 3712K, reserved 1048576K
}
Event: 3.260 GC heap after
{Heap after GC invocations=7 (full 0):
 garbage-first heap   total 157696K, used 19535K [0x0000000080000000, 0x0000000100000000)
  region size 1024K, 4 young (4096K), 4 survivors (4096K)
 Metaspace       used 26048K, capacity 26623K, committed 26752K, reserved 1073152K
  class space    used 3377K, capacity 3587K, committed 3712K, reserved 1048576K
}
Event: 4.126 GC heap before
{Heap before GC invocations=7 (full 0):
 garbage-first heap   total 157696K, used 79951K [0x0000000080000000, 0x0000000100000000)
  region size 1024K, 64 young (65536K), 4 survivors (4096K)
 Metaspace       used 34912K, capacity 35722K, committed 35840K, reserved 1081344K
  class space    used 4533K, capacity 4839K, committed 4864K, reserved 1048576K
}
Event: 4.138 GC heap after
{Heap after GC invocations=8 (full 0):
 garbage-first heap   total 157696K, used 22579K [0x0000000080000000, 0x0000000100000000)
  region size 1024K, 7 young (7168K), 7 survivors (7168K)
 Metaspace       used 34912K, capacity 35722K, committed 35840K, reserved 1081344K
  class space    used 4533K, capacity 4839K, committed 4864K, reserved 1048576K
}

Deoptimization events (20 events):
Event: 3.673 Thread 0x00000238b0a97800 DEOPT PACKING pc=0x000002389eda6ff4 sp=0x0000005b429f9160
Event: 3.673 Thread 0x00000238b0a97800 DEOPT UNPACKING pc=0x00000238971ea1af sp=0x0000005b429f90f0 mode 2
Event: 3.739 Thread 0x00000238b0a97800 DEOPT PACKING pc=0x0000023897b28e79 sp=0x0000005b429f8a90
Event: 3.739 Thread 0x00000238b0a97800 DEOPT UNPACKING pc=0x00000238971ea95e sp=0x0000005b429f7fd8 mode 0
Event: 3.755 Thread 0x00000238b0a97800 Uncommon trap: trap_request=0xffffff4d fr.pc=0x000002389eda6164 relative=0x00000000000001a4
Event: 3.755 Thread 0x00000238b0a97800 Uncommon trap: reason=unstable_if action=reinterpret pc=0x000002389eda6164 method=java.util.regex.Pattern$BmpCharProperty.match(Ljava/util/regex/Matcher;ILjava/lang/CharSequence;)Z @ 39 c2
Event: 3.755 Thread 0x00000238b0a97800 DEOPT PACKING pc=0x000002389eda6164 sp=0x0000005b429f93a0
Event: 3.755 Thread 0x00000238b0a97800 DEOPT UNPACKING pc=0x00000238971ea1af sp=0x0000005b429f9350 mode 2
Event: 3.789 Thread 0x00000238b0a97800 Uncommon trap: trap_request=0xffffff4d fr.pc=0x000002389ed352b0 relative=0x0000000000000230
Event: 3.790 Thread 0x00000238b0a97800 Uncommon trap: reason=unstable_if action=reinterpret pc=0x000002389ed352b0 method=java.util.HashMap.putVal(ILjava/lang/Object;Ljava/lang/Object;ZZ)Ljava/lang/Object; @ 162 c2
Event: 3.790 Thread 0x00000238b0a97800 DEOPT PACKING pc=0x000002389ed352b0 sp=0x0000005b429fa490
Event: 3.790 Thread 0x00000238b0a97800 DEOPT UNPACKING pc=0x00000238971ea1af sp=0x0000005b429fa3a0 mode 2
Event: 3.792 Thread 0x00000238b0a97800 Uncommon trap: trap_request=0xffffff6e fr.pc=0x000002389edae3e8 relative=0x0000000000000c28
Event: 3.792 Thread 0x00000238b0a97800 Uncommon trap: reason=speculate_class_check action=maybe_recompile pc=0x000002389edae3e8 method=java.lang.reflect.Executable.declaredAnnotations()Ljava/util/Map; @ 23 c2
Event: 3.792 Thread 0x00000238b0a97800 DEOPT PACKING pc=0x000002389edae3e8 sp=0x0000005b429fa5e0
Event: 3.792 Thread 0x00000238b0a97800 DEOPT UNPACKING pc=0x00000238971ea1af sp=0x0000005b429fa560 mode 2
Event: 4.081 Thread 0x00000238b0a97800 Uncommon trap: trap_request=0xffffff4d fr.pc=0x000002389ed5d0ec relative=0x000000000000512c
Event: 4.081 Thread 0x00000238b0a97800 Uncommon trap: reason=unstable_if action=reinterpret pc=0x000002389ed5d0ec method=jdk.internal.loader.BuiltinClassLoader.loadClassOrNull(Ljava/lang/String;Z)Ljava/lang/Class; @ 42 c2
Event: 4.081 Thread 0x00000238b0a97800 DEOPT PACKING pc=0x000002389ed5d0ec sp=0x0000005b429f5060
Event: 4.081 Thread 0x00000238b0a97800 DEOPT UNPACKING pc=0x00000238971ea1af sp=0x0000005b429f4ef0 mode 2

Classes redefined (0 events):
No events

Internal exceptions (20 events):
Event: 3.285 Thread 0x00000238b0a97800 Exception <a 'java/lang/NoSuchMethodError'{0x00000000898b8a50}: 'java.lang.Object java.lang.invoke.DirectMethodHandle$Holder.invokeVirtual(java.lang.Object, java.lang.Object, java.lang.Object)'> (0x00000000898b8a50) thrown at [./src/hotspot/share/interpreter/linkResolver.cpp, line 773]
Event: 3.287 Thread 0x00000238b0a97800 Exception <a 'java/lang/NoSuchMethodError'{0x00000000898e1668}: 'int java.lang.invoke.DirectMethodHandle$Holder.invokeVirtual(java.lang.Object, java.lang.Object)'> (0x00000000898e1668) thrown at [./src/hotspot/share/interpreter/linkResolver.cpp, line 773]
Event: 3.294 Thread 0x00000238b0a97800 Exception <a 'java/lang/NoSuchMethodError'{0x000000008971c648}: 'int java.lang.invoke.DirectMethodHandle$Holder.invokeVirtual(java.lang.Object, java.lang.Object, java.lang.Object)'> (0x000000008971c648) thrown at [./src/hotspot/share/interpreter/linkResolver.cpp, line 773]
Event: 3.311 Thread 0x00000238b0a97800 Exception <a 'java/lang/NoSuchMethodError'{0x0000000089680ea8}: 'void java.lang.invoke.DirectMethodHandle$Holder.invokeSpecial(java.lang.Object, java.lang.Object)'> (0x0000000089680ea8) thrown at [./src/hotspot/share/interpreter/linkResolver.cpp, line 773]
Event: 3.404 Thread 0x00000238b0a97800 Exception <a 'java/lang/NoSuchMethodError'{0x0000000088c32380}: 'java.lang.Object java.lang.invoke.DirectMethodHandle$Holder.invokeSpecialIFC(java.lang.Object, java.lang.Object, java.lang.Object, java.lang.Object)'> (0x0000000088c32380) thrown at [./src/hotspot/share/interpreter/linkResolver.cpp, line 773]
Event: 3.414 Thread 0x00000238b0a97800 Exception <a 'java/lang/NoSuchMethodError'{0x0000000088b0c460}: 'java.lang.Object java.lang.invoke.DirectMethodHandle$Holder.invokeSpecial(java.lang.Object, java.lang.Object, java.lang.Object, java.lang.Object, java.lang.Object, java.lang.Object, java.lang.Object, java.lang.Object, java.lang.Object, java.lang.Object, java.lang.Object, java.lang.Object, java.lang.Object)'> (0x0000000088b0c460) thrown at [./src/hotspot/share/interpreter/linkResolver.cpp, line 773]
Event: 3.415 Thread 0x00000238b0a97800 Exception <a 'java/lang/NoSuchMethodError'{0x0000000088b1d2c0}: 'java.lang.Object java.lang.invoke.DirectMethodHandle$Holder.invokeSpecial(java.lang.Object, java.lang.Object, java.lang.Object, java.lang.Object, java.lang.Object, java.lang.Object, java.lang.Object, java.lang.Object, java.lang.Object, java.lang.Object, java.lang.Object, java.lang.Object)'> (0x0000000088b1d2c0) thrown at [./src/hotspot/share/interpreter/linkResolver.cpp, line 773]
Event: 3.415 Thread 0x00000238b0a97800 Exception <a 'java/lang/NoSuchMethodError'{0x0000000088b223e8}: 'java.lang.Object java.lang.invoke.Invokers$Holder.linkToTargetMethod(java.lang.Object, java.lang.Object, java.lang.Object, java.lang.Object, java.lang.Object, java.lang.Object, java.lang.Object, java.lang.Object, java.lang.Object, java.lang.Object, java.lang.Object)'> (0x0000000088b223e8) thrown at [./src/hotspot/share/interpreter/linkResolver.cpp, line 773]
Event: 3.431 Thread 0x00000238b0a97800 Exception <a 'java/lang/NoSuchMethodError'{0x0000000088a62db8}: 'java.lang.Object java.lang.invoke.DirectMethodHandle$Holder.invokeSpecial(java.lang.Object, java.lang.Object, java.lang.Object, java.lang.Object, java.lang.Object, java.lang.Object, java.lang.Object, java.lang.Object, java.lang.Object, java.lang.Object, java.lang.Object, java.lang.Object, java.lang.Object, java.lang.Object)'> (0x0000000088a62db8) thrown at [./src/hotspot/share/interpreter/linkResolver.cpp, line 773]
Event: 3.432 Thread 0x00000238b0a97800 Exception <a 'java/lang/NoSuchMethodError'{0x0000000088a74430}: 'java.lang.Object java.lang.invoke.Invokers$Holder.linkToTargetMethod(java.lang.Object, java.lang.Object, java.lang.Object, java.lang.Object, java.lang.Object, java.lang.Object, java.lang.Object, java.lang.Object, java.lang.Object, java.lang.Object, java.lang.Object, java.lang.Object)'> (0x0000000088a74430) thrown at [./src/hotspot/share/interpreter/linkResolver.cpp, line 773]
Event: 3.449 Thread 0x00000238b0a97800 Exception <a 'java/lang/NoSuchMethodError'{0x000000008895d4b0}: 'java.lang.Object java.lang.invoke.DirectMethodHandle$Holder.invokeStaticInit(java.lang.Object, java.lang.Object, java.lang.Object, java.lang.Object)'> (0x000000008895d4b0) thrown at [./src/hotspot/share/interpreter/linkResolver.cpp, line 773]
Event: 3.539 Thread 0x00000238b0a97800 Implicit null exception at 0x000002389ed401f5 to 0x000002389ed403bc
Event: 3.539 Thread 0x00000238b0a97800 Implicit null exception at 0x000002389ed06eaf to 0x000002389ed06f1d
Event: 3.661 Thread 0x00000238b0a97800 Exception <a 'java/lang/NoSuchMethodError'{0x00000000878733e0}: 'java.lang.Object java.lang.invoke.Invokers$Holder.linkToTargetMethod(java.lang.Object, java.lang.Object, java.lang.Object, java.lang.Object, java.lang.Object, java.lang.Object, java.lang.Object, java.lang.Object)'> (0x00000000878733e0) thrown at [./src/hotspot/share/interpreter/linkResolver.cpp, line 773]
Event: 3.663 Thread 0x00000238b0a97800 Exception <a 'java/lang/NoSuchMethodError'{0x00000000878bfc90}: 'java.lang.Object java.lang.invoke.Invokers$Holder.linkToTargetMethod(java.lang.Object, java.lang.Object, java.lang.Object, java.lang.Object, java.lang.Object, java.lang.Object, java.lang.Object)'> (0x00000000878bfc90) thrown at [./src/hotspot/share/interpreter/linkResolver.cpp, line 773]
Event: 3.666 Thread 0x00000238b0a97800 Exception <a 'java/lang/IncompatibleClassChangeError'{0x00000000878fe528}: Found class java.lang.Object, but interface was expected> (0x00000000878fe528) thrown at [./src/hotspot/share/interpreter/linkResolver.cpp, line 839]
Event: 3.942 Thread 0x00000238b0a97800 Exception <a 'java/lang/NoSuchMethodError'{0x000000008649f1d8}: 'void java.lang.invoke.DirectMethodHandle$Holder.invokeStaticInit(java.lang.Object, java.lang.Object, java.lang.Object)'> (0x000000008649f1d8) thrown at [./src/hotspot/share/interpreter/linkResolver.cpp, line 773]
Event: 3.943 Thread 0x00000238b0a97800 Exception <a 'java/lang/NoSuchMethodError'{0x00000000864a6388}: 'void java.lang.invoke.DirectMethodHandle$Holder.invokeStaticInit(java.lang.Object, java.lang.Object, java.lang.Object, java.lang.Object)'> (0x00000000864a6388) thrown at [./src/hotspot/share/interpreter/linkResolver.cpp, line 773]
Event: 3.947 Thread 0x00000238b0a97800 Exception <a 'java/lang/NoSuchMethodError'{0x00000000864c89e0}: 'void java.lang.invoke.DirectMethodHandle$Holder.invokeStaticInit(java.lang.Object, java.lang.Object, java.lang.Object, java.lang.Object, java.lang.Object)'> (0x00000000864c89e0) thrown at [./src/hotspot/share/interpreter/linkResolver.cpp, line 773]
Event: 3.993 Thread 0x00000238b0a97800 Exception <a 'java/lang/NoSuchMethodError'{0x0000000086327598}: 'int java.lang.invoke.DirectMethodHandle$Holder.invokeStaticInit(java.lang.Object, java.lang.Object, java.lang.Object, java.lang.Object)'> (0x0000000086327598) thrown at [./src/hotspot/share/interpreter/linkResolver.cpp, line 773]

Events (20 events):
Event: 4.176 loading class org/codehaus/groovy/reflection/CachedClass$CachedMethodComparatorWithString
Event: 4.176 loading class org/codehaus/groovy/reflection/CachedClass$CachedMethodComparatorWithString done
Event: 4.177 loading class java/beans/BeanInfo
Event: 4.177 loading class java/beans/BeanInfo done
Event: 4.178 loading class groovy/lang/MetaClassImpl
Event: 4.178 loading class groovy/lang/MetaClassImpl done
Event: 4.178 loading class java/beans/ThreadGroupContext
Event: 4.178 loading class java/beans/ThreadGroupContext done
Event: 4.178 loading class java/beans/ThreadGroupContext$1
Event: 4.178 loading class java/beans/WeakIdentityMap
Event: 4.178 loading class java/beans/WeakIdentityMap done
Event: 4.178 loading class java/beans/ThreadGroupContext$1 done
Event: 4.178 loading class java/beans/WeakIdentityMap$Entry
Event: 4.178 loading class java/beans/WeakIdentityMap$Entry done
Event: 4.178 loading class com/sun/beans/finder/BeanInfoFinder
Event: 4.179 loading class com/sun/beans/finder/InstanceFinder
Event: 4.179 loading class com/sun/beans/finder/InstanceFinder done
Event: 4.179 loading class com/sun/beans/finder/BeanInfoFinder done
Event: 4.179 Executing VM operation: RevokeBias
Event: 4.179 Executing VM operation: RevokeBias done


Dynamic libraries:
0x00007ff67dd40000 - 0x00007ff67dd4a000 	C:\Program Files\Android\Android Studio\jre\bin\java.exe
0x00007ffb1b360000 - 0x00007ffb1b541000 	C:\Windows\SYSTEM32\ntdll.dll
0x00007ffb1a570000 - 0x00007ffb1a621000 	C:\Windows\System32\KERNEL32.DLL
0x00007ffb18210000 - 0x00007ffb18483000 	C:\Windows\System32\KERNELBASE.dll
0x00007ffb18490000 - 0x00007ffb18588000 	C:\Windows\System32\ucrtbase.dll
0x00007ffb0bc00000 - 0x00007ffb0bc17000 	C:\Program Files\Android\Android Studio\jre\bin\VCRUNTIME140.dll
0x00007ffb13e40000 - 0x00007ffb13e59000 	C:\Program Files\Android\Android Studio\jre\bin\jli.dll
0x00007ffb1a860000 - 0x00007ffb1a9f0000 	C:\Windows\System32\USER32.dll
0x00007ffb17720000 - 0x00007ffb17740000 	C:\Windows\System32\win32u.dll
0x00007ffaf3a70000 - 0x00007ffaf3cd9000 	C:\Windows\WinSxS\amd64_microsoft.windows.common-controls_6595b64144ccf1df_6.0.17134.1304_none_d3fbe61b7c93d9f0\COMCTL32.dll
0x00007ffb1a810000 - 0x00007ffb1a838000 	C:\Windows\System32\GDI32.dll
0x00007ffb1acd0000 - 0x00007ffb1ad6e000 	C:\Windows\System32\msvcrt.dll
0x00007ffb17f20000 - 0x00007ffb180b1000 	C:\Windows\System32\gdi32full.dll
0x00007ffb18c50000 - 0x00007ffb18f71000 	C:\Windows\System32\combase.dll
0x00007ffb18170000 - 0x00007ffb1820f000 	C:\Windows\System32\msvcp_win.dll
0x00007ffb1aa20000 - 0x00007ffb1ab44000 	C:\Windows\System32\RPCRT4.dll
0x00007ffb17ea0000 - 0x00007ffb17f19000 	C:\Windows\System32\bcryptPrimitives.dll
0x00007ffb1a9f0000 - 0x00007ffb1aa1d000 	C:\Windows\System32\IMM32.DLL
0x00007ffb00260000 - 0x00007ffb002fd000 	C:\Program Files\Android\Android Studio\jre\bin\msvcp140.dll
0x00007ffab2990000 - 0x00007ffab3475000 	C:\Program Files\Android\Android Studio\jre\bin\server\jvm.dll
0x00007ffb187e0000 - 0x00007ffb18881000 	C:\Windows\System32\ADVAPI32.dll
0x00007ffb18b60000 - 0x00007ffb18bbb000 	C:\Windows\System32\sechost.dll
0x00007ffb1aed0000 - 0x00007ffb1aed8000 	C:\Windows\System32\PSAPI.DLL
0x00007ffb0bbf0000 - 0x00007ffb0bbf9000 	C:\Windows\SYSTEM32\WSOCK32.dll
0x00007ffb14f50000 - 0x00007ffb14f73000 	C:\Windows\SYSTEM32\WINMM.dll
0x00007ffb0d650000 - 0x00007ffb0d65a000 	C:\Windows\SYSTEM32\VERSION.dll
0x00007ffb14f20000 - 0x00007ffb14f4a000 	C:\Windows\SYSTEM32\WINMMBASE.dll
0x00007ffb17740000 - 0x00007ffb17789000 	C:\Windows\System32\cfgmgr32.dll
0x00007ffb18be0000 - 0x00007ffb18c4c000 	C:\Windows\System32\WS2_32.dll
0x00007ffb17700000 - 0x00007ffb17711000 	C:\Windows\System32\kernel.appcore.dll
0x00007ffb08aa0000 - 0x00007ffb08ab1000 	C:\Program Files\Android\Android Studio\jre\bin\verify.dll
0x00007ffb03a40000 - 0x00007ffb03c09000 	C:\Windows\SYSTEM32\DBGHELP.DLL
0x00007ffb039e0000 - 0x00007ffb03a09000 	C:\Windows\SYSTEM32\dbgcore.DLL
0x00007ffb00360000 - 0x00007ffb00389000 	C:\Program Files\Android\Android Studio\jre\bin\java.dll
0x00007ffb0b7a0000 - 0x00007ffb0b7ab000 	C:\Program Files\Android\Android Studio\jre\bin\jimage.dll
0x00007ffb00340000 - 0x00007ffb00358000 	C:\Program Files\Android\Android Studio\jre\bin\zip.dll
0x00007ffb18f80000 - 0x00007ffb1a3c5000 	C:\Windows\System32\SHELL32.dll
0x00007ffb18ab0000 - 0x00007ffb18b59000 	C:\Windows\System32\shcore.dll
0x00007ffb17790000 - 0x00007ffb17ea0000 	C:\Windows\System32\windows.storage.dll
0x00007ffb1ac70000 - 0x00007ffb1acc1000 	C:\Windows\System32\shlwapi.dll
0x00007ffb176c0000 - 0x00007ffb176df000 	C:\Windows\System32\profapi.dll
0x00007ffb17670000 - 0x00007ffb176bc000 	C:\Windows\System32\powrprof.dll
0x00007ffb17660000 - 0x00007ffb1766a000 	C:\Windows\System32\FLTLIB.DLL
0x00007ffb00320000 - 0x00007ffb0033a000 	C:\Program Files\Android\Android Studio\jre\bin\net.dll
0x00007ffb0de30000 - 0x00007ffb0df0d000 	C:\Windows\SYSTEM32\WINHTTP.dll
0x00007ffb16e90000 - 0x00007ffb16ef6000 	C:\Windows\system32\mswsock.dll
0x00007ffb00300000 - 0x00007ffb00314000 	C:\Program Files\Android\Android Studio\jre\bin\nio.dll
0x00007ffb0bc20000 - 0x00007ffb0bc47000 	C:\Users\geniu\.gradle\native\e1d6ef7f7dcc3fd88c89a11ec53ec762bb8ba0a96d01ffa2cd45eb1d1d8dd5c5\windows-amd64\native-platform.dll
0x00007ffaf2e20000 - 0x00007ffaf2f64000 	C:\Users\geniu\.gradle\native\5664cfc778a61ccfe75a443a1ab52a65af34e5dc3c78e0209fed803814484fcb\windows-amd64\native-platform-file-events.dll
0x00007ffb08a90000 - 0x00007ffb08a9a000 	C:\Program Files\Android\Android Studio\jre\bin\management.dll
0x00007ffb08a40000 - 0x00007ffb08a4d000 	C:\Program Files\Android\Android Studio\jre\bin\management_ext.dll
0x00007ffb170a0000 - 0x00007ffb170b7000 	C:\Windows\SYSTEM32\CRYPTSP.dll
0x00007ffb16a50000 - 0x00007ffb16a83000 	C:\Windows\system32\rsaenh.dll
0x00007ffb171c0000 - 0x00007ffb171e5000 	C:\Windows\SYSTEM32\bcrypt.dll
0x00007ffb17560000 - 0x00007ffb17588000 	C:\Windows\SYSTEM32\USERENV.dll
0x00007ffb16ff0000 - 0x00007ffb16ffb000 	C:\Windows\SYSTEM32\CRYPTBASE.dll
0x00007ffb16bf0000 - 0x00007ffb16c28000 	C:\Windows\SYSTEM32\IPHLPAPI.DLL
0x00007ffb18bc0000 - 0x00007ffb18bc8000 	C:\Windows\System32\NSI.dll
0x00007ffb0d0c0000 - 0x00007ffb0d0d6000 	C:\Windows\SYSTEM32\dhcpcsvc6.DLL
0x00007ffb0d0a0000 - 0x00007ffb0d0ba000 	C:\Windows\SYSTEM32\dhcpcsvc.DLL

dbghelp: loaded successfully - version: 4.0.5 - missing functions: none
symbol engine: initialized successfully - sym options: 0x614 - pdb path: .;C:\Program Files\Android\Android Studio\jre\bin;C:\Windows\SYSTEM32;C:\Windows\WinSxS\amd64_microsoft.windows.common-controls_6595b64144ccf1df_6.0.17134.1304_none_d3fbe61b7c93d9f0;C:\Program Files\Android\Android Studio\jre\bin\server;C:\Users\geniu\.gradle\native\e1d6ef7f7dcc3fd88c89a11ec53ec762bb8ba0a96d01ffa2cd45eb1d1d8dd5c5\windows-amd64;C:\Users\geniu\.gradle\native\5664cfc778a61ccfe75a443a1ab52a65af34e5dc3c78e0209fed803814484fcb\windows-amd64

VM Arguments:
jvm_args: --add-opens=java.base/java.util=ALL-UNNAMED --add-opens=java.base/java.lang=ALL-UNNAMED --add-opens=java.base/java.lang.invoke=ALL-UNNAMED --add-opens=java.base/java.util=ALL-UNNAMED --add-opens=java.prefs/java.util.prefs=ALL-UNNAMED --add-opens=java.prefs/java.util.prefs=ALL-UNNAMED --add-opens=java.base/java.nio.charset=ALL-UNNAMED --add-opens=java.base/java.net=ALL-UNNAMED --add-opens=java.base/java.util.concurrent.atomic=ALL-UNNAMED -Xmx2048m -Dfile.encoding=UTF-8 -Duser.country=IN -Duser.language=en -Duser.variant 
java_command: org.gradle.launcher.daemon.bootstrap.GradleDaemon 7.3.3
java_class_path (initial): C:\Users\geniu\.gradle\wrapper\dists\gradle-7.3.3-bin\6a41zxkdtcxs8rphpq6y0069z\gradle-7.3.3\lib\gradle-launcher-7.3.3.jar
Launcher Type: SUN_STANDARD

[Global flags]
     intx CICompilerCount                          = 3                                         {product} {ergonomic}
     uint ConcGCThreads                            = 1                                         {product} {ergonomic}
     uint G1ConcRefinementThreads                  = 4                                         {product} {ergonomic}
   size_t G1HeapRegionSize                         = 1048576                                   {product} {ergonomic}
    uintx GCDrainStackTargetSize                   = 64                                        {product} {ergonomic}
   size_t InitialHeapSize                          = 134217728                                 {product} {ergonomic}
   size_t MarkStackSize                            = 4194304                                   {product} {ergonomic}
   size_t MaxHeapSize                              = 2147483648                                {product} {command line}
   size_t MaxNewSize                               = 1287651328                                {product} {ergonomic}
   size_t MinHeapDeltaBytes                        = 1048576                                   {product} {ergonomic}
    uintx NonNMethodCodeHeapSize                   = 5830732                                {pd product} {ergonomic}
    uintx NonProfiledCodeHeapSize                  = 122913754                              {pd product} {ergonomic}
    uintx ProfiledCodeHeapSize                     = 122913754                              {pd product} {ergonomic}
    uintx ReservedCodeCacheSize                    = 251658240                              {pd product} {ergonomic}
     bool SegmentedCodeCache                       = true                                      {product} {ergonomic}
     bool UseCompressedClassPointers               = true                                 {lp64_product} {ergonomic}
     bool UseCompressedOops                        = true                                 {lp64_product} {ergonomic}
     bool UseG1GC                                  = true                                      {product} {ergonomic}
     bool UseLargePagesIndividualAllocation        = false                                  {pd product} {ergonomic}

Logging:
Log output configuration:
 #0: stdout all=warning uptime,level,tags
 #1: stderr all=off uptime,level,tags

Environment Variables:
PATH=C:\Windows\system32;C:\Windows;C:\Windows\System32\Wbem;C:\Windows\System32\WindowsPowerShell\v1.0\;C:\Windows\System32\OpenSSH\;C:\Program Files (x86)\Windows Kits\8.1\Windows Performance Toolkit\;C:\Program Files\Microsoft SQL Server\110\Tools\Binn\;C:\Program Files (x86)\Microsoft SDKs\TypeScript\1.0\;C:\Program Files\Microsoft SQL Server\120\Tools\Binn\;C:\Program Files (x86)\Microsoft SQL Server\110\Tools\Binn\;C:\Program Files\Microsoft SQL Server\110\DTS\Binn\;C:\Program Files (x86)\Microsoft SQL Server\110\Tools\Binn\ManagementStudio\;C:\Program Files (x86)\Microsoft Visual Studio 10.0\Common7\IDE\PrivateAssemblies\;C:\Program Files (x86)\Microsoft SQL Server\110\DTS\Binn\;C:\Users\geniu\AppData\Local\Microsoft\WindowsApps
USERNAME=geniu
OS=Windows_NT
PROCESSOR_IDENTIFIER=Intel64 Family 6 Model 158 Stepping 9, GenuineIntel



---------------  S Y S T E M  ---------------

OS: Windows 10 , 64 bit Build 17134 (10.0.17134.753)
OS uptime: 0 days 1:43 hours
Hyper-V role detected

CPU:total 4 (initial active 4) (2 cores per cpu, 2 threads per core) family 6 model 158 stepping 9 microcode 0x8e, cmov, cx8, fxsr, mmx, sse, sse2, sse3, ssse3, sse4.1, sse4.2, popcnt, avx, avx2, aes, clmul, erms, 3dnowpref, lzcnt, ht, tsc, tscinvbit, bmi1, bmi2, adx, fma

Memory: 4k page, system-wide physical 8079M (2986M free)
TotalPageFile size 9359M (AvailPageFile size 2997M)
current process WorkingSet (physical memory assigned to process): 246M, peak: 246M
current process commit charge ("private bytes"): 332M, peak: 332M

vm_info: OpenJDK 64-Bit Server VM (11.0.12+7-b1504.28-7817840) for windows-amd64 JRE (11.0.12+7-b1504.28-7817840), built on Oct 13 2021 22:12:33 by "builder" with MS VC++ 14.0 (VS2015)

END.
